<?xml version="1.0" encoding="UTF-8"?>
<!-- Generated by org.testng.reporters.JUnitXMLReporter -->
<testsuite ignored="2" hostname="Julias-MacBook-Pro.local" failures="1" tests="1" name="Fail" time="0.017" errors="0" timestamp="28 Mar 2021 21:01:16 GMT">
  <testcase classname="com.kaz.jenkins.CalculatorTest" name="failedTest" time="0.002">
    <failure type="java.lang.AssertionError" message="This should be [FALSE] but was [TRUE] ==== expected:&amp;lt;false&amp;gt; but was:&amp;lt;true&amp;gt;">
      <![CDATA[java.lang.AssertionError: This should be [FALSE] but was [TRUE] ==== expected:<false> but was:<true>
at org.junit.Assert.fail(Assert.java:88)
at org.junit.Assert.failNotEquals(Assert.java:834)
at org.junit.Assert.assertEquals(Assert.java:118)
at com.kaz.jenkins.CalculatorTest.failedTest(CalculatorTest.java:47)
... Removed 28 stack frames]]>
    </failure>
  </testcase> <!-- failedTest -->
  <testcase classname="com.kaz.jenkins.CalculatorTest" name="divideTest" time="0.0">
    <ignored/>
  </testcase> <!-- divideTest -->
  <testcase classname="com.kaz.jenkins.CalculatorTest" name="addTest" time="0.0">
    <ignored/>
  </testcase> <!-- addTest -->
</testsuite> <!-- Fail -->
