<?xml version="1.0" encoding="UTF-8"?>
<!-- Generated by org.testng.reporters.JUnitXMLReporter -->
<testsuite ignored="0" hostname="Julias-MacBook-Pro.local" failures="1" tests="3" name="Command line test" time="0.022" errors="0" timestamp="28 Mar 2021 02:42:44 GMT">
  <testcase classname="com.kaz.jenkins.CalculatorTest" name="addTest" time="0.006"/>
  <testcase classname="com.kaz.jenkins.CalculatorTest" name="divideTest" time="0.0"/>
  <testcase classname="com.kaz.jenkins.CalculatorTest" name="failedTest" time="0.001">
    <failure type="java.lang.AssertionError" message="This should be [FALSE] ====">
      <![CDATA[java.lang.AssertionError: This should be [FALSE] ====
at org.junit.Assert.fail(Assert.java:88)
at org.junit.Assert.assertTrue(Assert.java:41)
at org.junit.Assert.assertFalse(Assert.java:64)
at com.kaz.jenkins.CalculatorTest.failedTest(CalculatorTest.java:37)
... Removed 34 stack frames]]>
    </failure>
  </testcase> <!-- failedTest -->
</testsuite> <!-- Command line test -->
